<?xml version="1.0" encoding="UTF-8"?>
<testng-results skipped="0" failed="0" ignored="0" total="1" passed="1">
  <reporter-output>
  </reporter-output>
  <suite name="Default suite" duration-ms="14830" started-at="2020-02-08T15:43:21 IST" finished-at="2020-02-08T15:43:36 IST">
    <groups>
    </groups>
    <test name="Default test" duration-ms="14830" started-at="2020-02-08T15:43:21 IST" finished-at="2020-02-08T15:43:36 IST">
      <class name="TestCases.TC001_Pagetitle">
        <test-method status="PASS" signature="login()[pri:0, instance:TestCases.TC001_Pagetitle@5faeada1]" name="login" is-config="true" duration-ms="11394" started-at="2020-02-08T15:43:21 IST" finished-at="2020-02-08T15:43:33 IST">
          <reporter-output>
          </reporter-output>
        </test-method> <!-- login -->
        <test-method status="PASS" signature="runLogin()[pri:0, instance:TestCases.TC001_Pagetitle@5faeada1]" name="runLogin" duration-ms="3299" started-at="2020-02-08T15:43:33 IST" finished-at="2020-02-08T15:43:36 IST">
          <reporter-output>
          </reporter-output>
        </test-method> <!-- runLogin -->
        <test-method status="PASS" signature="closeBrowser()[pri:0, instance:TestCases.TC001_Pagetitle@5faeada1]" name="closeBrowser" is-config="true" duration-ms="80" started-at="2020-02-08T15:43:36 IST" finished-at="2020-02-08T15:43:36 IST">
          <reporter-output>
          </reporter-output>
        </test-method> <!-- closeBrowser -->
      </class> <!-- TestCases.TC001_Pagetitle -->
    </test> <!-- Default test -->
  </suite> <!-- Default suite -->
</testng-results>
